<?xml version="1.0" encoding="UTF-8"?>
<testng-results skipped="0" failed="0" ignored="0" total="2" passed="2">
  <reporter-output>
  </reporter-output>
  <suite name="my sample" duration-ms="208" started-at="2018-10-05T03:50:08Z" finished-at="2018-10-05T03:50:08Z">
    <groups>
    </groups>
    <test name="google" duration-ms="77" started-at="2018-10-05T03:50:08Z" finished-at="2018-10-05T03:50:08Z">
      <class name="newtours.google">
        <test-method status="PASS" signature="beforeTest()[pri:0, instance:newtours.google@39aeed2f]" name="beforeTest" is-config="true" duration-ms="1" started-at="2018-10-05T03:50:08Z" finished-at="2018-10-05T03:50:08Z">
          <reporter-output>
          </reporter-output>
        </test-method> <!-- beforeTest -->
        <test-method status="PASS" signature="beforeClass()[pri:0, instance:newtours.google@39aeed2f]" name="beforeClass" is-config="true" duration-ms="1" started-at="2018-10-05T03:50:08Z" finished-at="2018-10-05T03:50:08Z">
          <reporter-output>
          </reporter-output>
        </test-method> <!-- beforeClass -->
        <test-method status="PASS" signature="f()[pri:0, instance:newtours.google@39aeed2f]" name="f" duration-ms="5" started-at="2018-10-05T03:50:08Z" finished-at="2018-10-05T03:50:08Z">
          <reporter-output>
          </reporter-output>
        </test-method> <!-- f -->
        <test-method status="PASS" signature="beforeMethod()[pri:0, instance:newtours.google@39aeed2f]" name="beforeMethod" is-config="true" duration-ms="0" started-at="2018-10-05T03:50:08Z" finished-at="2018-10-05T03:50:08Z">
          <reporter-output>
          </reporter-output>
        </test-method> <!-- beforeMethod -->
        <test-method status="PASS" signature="afterMethod()[pri:0, instance:newtours.google@39aeed2f]" name="afterMethod" is-config="true" duration-ms="0" started-at="2018-10-05T03:50:08Z" finished-at="2018-10-05T03:50:08Z">
          <reporter-output>
          </reporter-output>
        </test-method> <!-- afterMethod -->
        <test-method status="PASS" signature="afterClass()[pri:0, instance:newtours.google@39aeed2f]" name="afterClass" is-config="true" duration-ms="0" started-at="2018-10-05T03:50:08Z" finished-at="2018-10-05T03:50:08Z">
          <reporter-output>
          </reporter-output>
        </test-method> <!-- afterClass -->
        <test-method status="PASS" signature="afterTest()[pri:0, instance:newtours.google@39aeed2f]" name="afterTest" is-config="true" duration-ms="0" started-at="2018-10-05T03:50:08Z" finished-at="2018-10-05T03:50:08Z">
          <reporter-output>
          </reporter-output>
        </test-method> <!-- afterTest -->
      </class> <!-- newtours.google -->
    </test> <!-- google -->
    <test name="yahoo" duration-ms="32" started-at="2018-10-05T03:50:08Z" finished-at="2018-10-05T03:50:08Z">
      <class name="newtours.google">
        <test-method status="PASS" signature="beforeSuite()[pri:0, instance:newtours.google@39aeed2f]" name="beforeSuite" is-config="true" duration-ms="14" started-at="2018-10-05T03:50:08Z" finished-at="2018-10-05T03:50:08Z">
          <reporter-output>
          </reporter-output>
        </test-method> <!-- beforeSuite -->
        <test-method status="PASS" signature="afterSuite()[pri:0, instance:newtours.google@39aeed2f]" name="afterSuite" is-config="true" duration-ms="0" started-at="2018-10-05T03:50:08Z" finished-at="2018-10-05T03:50:08Z">
          <reporter-output>
          </reporter-output>
        </test-method> <!-- afterSuite -->
      </class> <!-- newtours.google -->
      <class name="newtours.yahoo">
        <test-method status="PASS" signature="beforeTest()[pri:0, instance:newtours.yahoo@3bfdc050]" name="beforeTest" is-config="true" duration-ms="3" started-at="2018-10-05T03:50:08Z" finished-at="2018-10-05T03:50:08Z">
          <reporter-output>
          </reporter-output>
        </test-method> <!-- beforeTest -->
        <test-method status="PASS" signature="beforeClass()[pri:0, instance:newtours.yahoo@3bfdc050]" name="beforeClass" is-config="true" duration-ms="1" started-at="2018-10-05T03:50:08Z" finished-at="2018-10-05T03:50:08Z">
          <reporter-output>
          </reporter-output>
        </test-method> <!-- beforeClass -->
        <test-method status="PASS" signature="beforeMethod()[pri:0, instance:newtours.yahoo@3bfdc050]" name="beforeMethod" is-config="true" duration-ms="1" started-at="2018-10-05T03:50:08Z" finished-at="2018-10-05T03:50:08Z">
          <reporter-output>
          </reporter-output>
        </test-method> <!-- beforeMethod -->
        <test-method status="PASS" signature="f()[pri:0, instance:newtours.yahoo@3bfdc050]" name="f" duration-ms="9" started-at="2018-10-05T03:50:08Z" finished-at="2018-10-05T03:50:08Z">
          <reporter-output>
          </reporter-output>
        </test-method> <!-- f -->
        <test-method status="PASS" signature="afterMethod()[pri:0, instance:newtours.yahoo@3bfdc050]" name="afterMethod" is-config="true" duration-ms="1" started-at="2018-10-05T03:50:08Z" finished-at="2018-10-05T03:50:08Z">
          <reporter-output>
          </reporter-output>
        </test-method> <!-- afterMethod -->
        <test-method status="PASS" signature="afterClass()[pri:0, instance:newtours.yahoo@3bfdc050]" name="afterClass" is-config="true" duration-ms="1" started-at="2018-10-05T03:50:08Z" finished-at="2018-10-05T03:50:08Z">
          <reporter-output>
          </reporter-output>
        </test-method> <!-- afterClass -->
        <test-method status="PASS" signature="afterTest()[pri:0, instance:newtours.yahoo@3bfdc050]" name="afterTest" is-config="true" duration-ms="1" started-at="2018-10-05T03:50:08Z" finished-at="2018-10-05T03:50:08Z">
          <reporter-output>
          </reporter-output>
        </test-method> <!-- afterTest -->
      </class> <!-- newtours.yahoo -->
    </test> <!-- yahoo -->
  </suite> <!-- my sample -->
</testng-results>
